<?xml version="1.0" encoding="UTF-8"?><testsuite errors="1" failures="0" name="Registro en sitio web Utest" skipped="0" tests="1" time="78.2" timestamp="2022-01-19 09:22:41"><testcase name="Registro de un usuario exitosamente"><error message="Cannot locate an element using xpath=//h1[contains(text(),&quot;Welcome to the world's largest community of freela&quot;)]&#10;For documentation on this error, please visit: https://www.seleniumhq.org/exceptions/no_such_element.html&#10;Build info: version: '3.141.59', revision: 'e82be7d358', time: '2018-11-14T08:17:03'&#10;System info: host: 'GALE-MC07', ip: '192.168.0.3', os.name: 'Windows 10', os.arch: 'amd64', os.version: '10.0', java.version: '1.8.0_231'&#10;Driver info: driver.version: RemoteWebDriver" type="java.lang.AssertionError">Cannot locate an element using xpath=//h1[contains(text(),"Welcome to the world's largest community of freela")]
For documentation on this error, please visit: https://www.seleniumhq.org/exceptions/no_such_element.html
Build info: version: '3.141.59', revision: 'e82be7d358', time: '2018-11-14T08:17:03'
System info: host: 'GALE-MC07', ip: '192.168.0.3', os.name: 'Windows 10', os.arch: 'amd64', os.version: '10.0', java.version: '1.8.0_231'
Driver info: driver.version: RemoteWebDriver</error><system-err>Cannot locate an element using xpath=//h1[contains(text(),"Welcome to the world's largest community of freela")]
For documentation on this error, please visit: https://www.seleniumhq.org/exceptions/no_such_element.html
Build info: version: '3.141.59', revision: 'e82be7d358', time: '2018-11-14T08:17:03'
System info: host: 'GALE-MC07', ip: '192.168.0.3', os.name: 'Windows 10', os.arch: 'amd64', os.version: '10.0', java.version: '1.8.0_231'
Driver info: driver.version: RemoteWebDriver&#13;
co.com.choucair.certification.utest.stepdefinitions.SignupUtestStepdefinitions.elSistemaLoPosicionaEnLaPaginaWelcomeYValidaElMensaje(SignupUtestStepdefinitions.java:39)&#13;
âœ½.El sistema lo posiciona en la pagina Welcome y valida el mensaje(src/test/resources/features/SignupUtest.feature:14)&#13;
</system-err></testcase></testsuite>